# JRE version: OpenJDK Runtime Environment Temurin-17.0.3+7 (17.0.3+7) (build 17.0.3+7)
# Java VM: OpenJDK 64-Bit Server VM Temurin-17.0.3+7 (17.0.3+7, mixed mode, emulated-client, tiered, compressed oops, compressed class ptrs, g1 gc, windows-amd64)
GC Precious Log:
 CPUs: 12 total, 12 available
 Memory: 15741M
 Large Page Support: Disabled
 NUMA Support: Disabled
 Compressed Oops: Enabled (Zero based)
 Heap Region Size: 2M
 Heap Min Capacity: 8M
 Heap Initial Capacity: 246M
 Heap Max Capacity: 3936M
 Pre-touch: Disabled
 Parallel Workers: 10
 Concurrent Workers: 3
 Concurrent Refinement Workers: 10
 Periodic GC: Disabled
Heap:
 garbage-first heap   total 75776K, used 20657K [0x000000070a000000, 0x0000000800000000)
  region size 2048K, 1 young (2048K), 0 survivors (0K)
 Metaspace       used 43255K, committed 43776K, reserved 1089536K
  class space    used 5790K, committed 6016K, reserved 1048576K
GC Heap History (20 events):
Event: 44176.564 GC heap before
{Heap before GC invocations=1163 (full 1139):
 garbage-first heap   total 75776K, used 20657K [0x000000070a000000, 0x0000000800000000)
  region size 2048K, 1 young (2048K), 0 survivors (0K)
 Metaspace       used 43255K, committed 43776K, reserved 1089536K
  class space    used 5790K, committed 6016K, reserved 1048576K
}
Event: 44176.582 GC heap after
{Heap after GC invocations=1164 (full 1140):
 garbage-first heap   total 75776K, used 20657K [0x000000070a000000, 0x0000000800000000)
  region size 2048K, 0 young (0K), 0 survivors (0K)
 Metaspace       used 43255K, committed 43776K, reserved 1089536K
  class space    used 5790K, committed 6016K, reserved 1048576K
}
Event: 44186.764 GC heap before
{Heap before GC invocations=1164 (full 1140):
 garbage-first heap   total 75776K, used 20657K [0x000000070a000000, 0x0000000800000000)
  region size 2048K, 1 young (2048K), 0 survivors (0K)
 Metaspace       used 43255K, committed 43776K, reserved 1089536K
  class space    used 5790K, committed 6016K, reserved 1048576K
}
Event: 44186.782 GC heap after
{Heap after GC invocations=1165 (full 1141):
 garbage-first heap   total 75776K, used 20657K [0x000000070a000000, 0x0000000800000000)
  region size 2048K, 0 young (0K), 0 survivors (0K)
 Metaspace       used 43255K, committed 43776K, reserved 1089536K
  class space    used 5790K, committed 6016K, reserved 1048576K
}
Event: 44196.981 GC heap before
{Heap before GC invocations=1165 (full 1141):
 garbage-first heap   total 75776K, used 20657K [0x000000070a000000, 0x0000000800000000)
  region size 2048K, 1 young (2048K), 0 survivors (0K)
 Metaspace       used 43255K, committed 43776K, reserved 1089536K
  class space    used 5790K, committed 6016K, reserved 1048576K
}
Event: 44196.998 GC heap after
{Heap after GC invocations=1166 (full 1142):
 garbage-first heap   total 75776K, used 20657K [0x000000070a000000, 0x0000000800000000)
  region size 2048K, 0 young (0K), 0 survivors (0K)
 Metaspace       used 43255K, committed 43776K, reserved 1089536K
  class space    used 5790K, committed 6016K, reserved 1048576K
}
Event: 44207.181 GC heap before
{Heap before GC invocations=1166 (full 1142):
 garbage-first heap   total 75776K, used 20657K [0x000000070a000000, 0x0000000800000000)
  region size 2048K, 1 young (2048K), 0 survivors (0K)
 Metaspace       used 43255K, committed 43776K, reserved 1089536K
  class space    used 5790K, committed 6016K, reserved 1048576K
}
Event: 44207.201 GC heap after
{Heap after GC invocations=1167 (full 1143):
 garbage-first heap   total 75776K, used 20657K [0x000000070a000000, 0x0000000800000000)
  region size 2048K, 0 young (0K), 0 survivors (0K)
 Metaspace       used 43255K, committed 43776K, reserved 1089536K
  class space    used 5790K, committed 6016K, reserved 1048576K
}
Event: 44217.391 GC heap before
{Heap before GC invocations=1167 (full 1143):
 garbage-first heap   total 75776K, used 20657K [0x000000070a000000, 0x0000000800000000)
  region size 2048K, 1 young (2048K), 0 survivors (0K)
 Metaspace       used 43255K, committed 43776K, reserved 1089536K
  class space    used 5790K, committed 6016K, reserved 1048576K
}
Event: 44217.408 GC heap after
{Heap after GC invocations=1168 (full 1144):
 garbage-first heap   total 75776K, used 20657K [0x000000070a000000, 0x0000000800000000)
  region size 2048K, 0 young (0K), 0 survivors (0K)
 Metaspace       used 43255K, committed 43776K, reserved 1089536K
  class space    used 5790K, committed 6016K, reserved 1048576K
}
Event: 44227.594 GC heap before
{Heap before GC invocations=1168 (full 1144):
 garbage-first heap   total 75776K, used 20657K [0x000000070a000000, 0x0000000800000000)
  region size 2048K, 1 young (2048K), 0 survivors (0K)
 Metaspace       used 43255K, committed 43776K, reserved 1089536K
  class space    used 5790K, committed 6016K, reserved 1048576K
}
Event: 44227.612 GC heap after
{Heap after GC invocations=1169 (full 1145):
 garbage-first heap   total 75776K, used 20657K [0x000000070a000000, 0x0000000800000000)
  region size 2048K, 0 young (0K), 0 survivors (0K)
 Metaspace       used 43255K, committed 43776K, reserved 1089536K
  class space    used 5790K, committed 6016K, reserved 1048576K
}
Event: 44237.796 GC heap before
{Heap before GC invocations=1169 (full 1145):
 garbage-first heap   total 75776K, used 20657K [0x000000070a000000, 0x0000000800000000)
  region size 2048K, 1 young (2048K), 0 survivors (0K)
 Metaspace       used 43255K, committed 43776K, reserved 1089536K
  class space    used 5790K, committed 6016K, reserved 1048576K
}
Event: 44237.815 GC heap after
{Heap after GC invocations=1170 (full 1146):
 garbage-first heap   total 75776K, used 20657K [0x000000070a000000, 0x0000000800000000)
  region size 2048K, 0 young (0K), 0 survivors (0K)
 Metaspace       used 43255K, committed 43776K, reserved 1089536K
  class space    used 5790K, committed 6016K, reserved 1048576K
}
Event: 44247.978 GC heap before
{Heap before GC invocations=1170 (full 1146):
 garbage-first heap   total 75776K, used 20657K [0x000000070a000000, 0x0000000800000000)
  region size 2048K, 1 young (2048K), 0 survivors (0K)
 Metaspace       used 43255K, committed 43776K, reserved 1089536K
  class space    used 5790K, committed 6016K, reserved 1048576K
}
Event: 44247.996 GC heap after
{Heap after GC invocations=1171 (full 1147):
 garbage-first heap   total 75776K, used 20657K [0x000000070a000000, 0x0000000800000000)
  region size 2048K, 0 young (0K), 0 survivors (0K)
 Metaspace       used 43255K, committed 43776K, reserved 1089536K
  class space    used 5790K, committed 6016K, reserved 1048576K
}
Event: 44258.184 GC heap before
{Heap before GC invocations=1171 (full 1147):
 garbage-first heap   total 75776K, used 20657K [0x000000070a000000, 0x0000000800000000)
  region size 2048K, 1 young (2048K), 0 survivors (0K)
 Metaspace       used 43255K, committed 43776K, reserved 1089536K
  class space    used 5790K, committed 6016K, reserved 1048576K
}
Event: 44258.203 GC heap after
{Heap after GC invocations=1172 (full 1148):
 garbage-first heap   total 75776K, used 20657K [0x000000070a000000, 0x0000000800000000)
  region size 2048K, 0 young (0K), 0 survivors (0K)
 Metaspace       used 43255K, committed 43776K, reserved 1089536K
  class space    used 5790K, committed 6016K, reserved 1048576K
}
Event: 44268.391 GC heap before
{Heap before GC invocations=1172 (full 1148):
 garbage-first heap   total 75776K, used 20657K [0x000000070a000000, 0x0000000800000000)
  region size 2048K, 1 young (2048K), 0 survivors (0K)
 Metaspace       used 43255K, committed 43776K, reserved 1089536K
  class space    used 5790K, committed 6016K, reserved 1048576K
}
Event: 44268.409 GC heap after
{Heap after GC invocations=1173 (full 1149):
 garbage-first heap   total 75776K, used 20657K [0x000000070a000000, 0x0000000800000000)
  region size 2048K, 0 young (0K), 0 survivors (0K)
 Metaspace       used 43255K, committed 43776K, reserved 1089536K
  class space    used 5790K, committed 6016K, reserved 1048576K
}

